[2026-06-19T07:04:58.993Z] OBJETIVO: https://github.com/ | TÍTULO:
    GitHub · Change is constant. GitHub keeps you ahead. · GitHubAmerican AirlinesDuolingoErnst and YoungFordInfoSysMercado LibreMercedes-BenzShopifyPhilipsSociété GénéraleSpotifyVodafoneAmerican AirlinesDuolingoErnst and YoungFordInfoSysMercado LibreMercedes-BenzShopifyPhilipsSociété GénéraleSpotifyVodafone | LATENCIA: NaNms | PESO:
    574.20KB
[2026-06-19T07:05:51.540Z] OBJETIVO: https://www.mercadolibre.com.ar/ | TÍTULO:
    Sin título | LATENCIA: NaNms | PESO:
    2.52KB
[2026-06-19T07:12:15.414Z] OBJETIVO: https://github.com/ | TÍTULO: GitHub · Change is constant. GitHub keeps you ahead. · GitHubAmerican AirlinesDuolingoErnst and YoungFordInfoSysMercado LibreMercedes-BenzShopifyPhilipsSociété GénéraleSpotifyVodafoneAmerican AirlinesDuolingoErnst and YoungFordInfoSysMercado LibreMercedes-BenzShopifyPhilipsSociété GénéraleSpotifyVodafone | LATENCIA: 11359ms | PESO: 574.20KB
[2026-06-19T07:12:43.392Z] OBJETIVO: https://listado.mercadolibre.com.ar/barra-olimpica-20-kg | TÍTULO: Sin título | LATENCIA: 1168ms | PESO: 2.52KB
[2026-06-19T07:17:28.520Z] OBJETIVO: https://github.com/ | TÍTULO: GitHub · Change is constant. GitHub keeps you ahead. · GitHubAmerican AirlinesDuolingoErnst and YoungFordInfoSysMercado LibreMercedes-BenzShopifyPhilipsSociété GénéraleSpotifyVodafoneAmerican AirlinesDuolingoErnst and YoungFordInfoSysMercado LibreMercedes-BenzShopifyPhilipsSociété GénéraleSpotifyVodafone | LATENCIA: 8232ms | PESO: 574.20KB
[2026-06-19T07:21:10.996Z] OBJETIVO: https://unpilar.edu.ar/campus/course/view.php?id=1157 | TÍTULO: Desarrollo web full stack - Com 6 (viernes 18:00 a 19:55 hs) | UNPilar | Campus Virtual | LATENCIA: 3899ms | PESO: 42.37KB
[2026-06-19T07:25:07.949Z] OBJETIVO: https://unpilar.edu.ar/campus/course/view.php?id=1157 | TÍTULO: Desarrollo web full stack - Com 6 (viernes 18:00 a 19:55 hs) | UNPilar | Campus Virtual | LATENCIA: 3890ms | PESO: 42.37KB
[2026-06-19T07:27:57.948Z] OBJETIVO: https://unpilar.edu.ar/campus/course/view.php?id=1157 | TÍTULO: Desarrollo web full stack - Com 6 (viernes 18:00 a 19:55 hs) | UNPilar | Campus Virtual | LATENCIA: 3138ms | PESO: 42.37KB
[2026-06-19T07:36:20.895Z] OBJETIVO: https://unpilar.edu.ar/campus/course/view.php?id=1157 | TÍTULO: Desarrollo web full stack - Com 6 (viernes 18:00 a 19:55 hs) | UNPilar | Campus Virtual | LATENCIA: 6284ms | PESO: 42.37KB
[2026-06-19T07:37:57.673Z] OBJETIVO: https://unpilar.edu.ar/campus/course/view.php?id=1157 | TÍTULO: Desarrollo web full stack - Com 6 (viernes 18:00 a 19:55 hs) | UNPilar | Campus Virtual | LATENCIA: 3839ms | PESO: 42.37KB
[2026-06-26T21:29:02.222Z] OBJETIVO: https://unpilar.edu.ar/campus/ | TÍTULO: Página Principal | UNPilar | Campus Virtual | LATENCIA: 29783ms | PESO: 44.29KB
[2026-06-26T21:29:14.707Z] OBJETIVO: https://unpilar.edu.ar/campus/ | TÍTULO: Página Principal | UNPilar | Campus Virtual | LATENCIA: 25113ms | PESO: 44.29KB
[2026-06-26T21:30:23.019Z] OBJETIVO: https://unpilar.edu.ar/campus/ | TÍTULO: Página Principal | UNPilar | Campus Virtual | LATENCIA: 28007ms | PESO: 44.29KB
[2026-06-26T21:31:04.374Z] OBJETIVO: https://unpilar.edu.ar/campus/ / TITULO: 
Página Principal | UNPilar | Campus Virtual / LATENCIA: 4838ms / PESO: 
44.29KB/n[2026-06-26T22:04:29.641Z] OBJETIVO: https://unpilar.edu.ar/campus/ | TÍTULO: Página Principal | UNPilar | Campus Virtual | LATENCIA: 29184ms | PESO: 44.29KB
[2026-06-26T22:20:47.976Z] OBJETIVO: https://unpilar.edu.ar/campus/ | TÍTULO: Página Principal | UNPilar | Campus Virtual | LATENCIA: 27110ms | PESO: 45.20KB
[2026-06-26T22:22:35.384Z] OBJETIVO: https://unpilar.edu.ar/campus/ | TÍTULO: Página Principal | UNPilar | Campus Virtual | LATENCIA: 23527ms | PESO: 45.20KB
[2026-06-26T22:44:19.498Z] OBJETIVO: https://unpilar.edu.ar/campus/ | TÍTULO: Página Principal | UNPilar | Campus Virtual | LATENCIA: 26601ms | PESO: 45.16KB
[2026-06-27T01:03:13.344Z] OBJETIVO: https://librepelota.su/es/eventos.html?r=aHR0cHM6Ly9sYXRhbXZpZHpmeS5vcmcvZHNwb3J0c2FyLnBocA== / TITULO: 
Eventos - Pelota Libre TV / LATENCIA: 4899ms / PESO: 
5.84KB/n[2026-06-27T01:06:34.376Z] OBJETIVO: https://www.youtube.com/ / TITULO: 
YouTube / LATENCIA: 4292ms / PESO: 
844.17KB/n[2026-06-28T17:37:44.690Z] OBJETIVO: https://www.youtube.com/ / TITULO: YouTube / LATENCIA: 4639ms / PESO: 848.13KB
[2026-06-28T17:44:40.379Z] OBJETIVO: https://unpilar.edu.ar/campus/my/courses.php / TITULO: Mis cursos | UNPilar | Campus Virtual / LATENCIA: 1411ms / PESO: 35.12KB
[2026-06-28T17:50:33.409Z] OBJETIVO: https://unpilar.edu.ar/campus/my/courses.php / TITULO: 
Mis cursos | UNPilar | Campus Virtual / LATENCIA: 1441ms / PESO: 
35.12KB/n[2026-06-28T17:53:13.006Z] OBJETIVO: https://unpilar.edu.ar/campus/my/courses.php / TITULO: 
Mis cursos | UNPilar | Campus Virtual / LATENCIA: 1558ms / PESO: 
35.12KB/n[2026-06-28T17:54:14.499Z] OBJETIVO: https://unpilar.edu.ar/campus/my/courses.php / TITULO: 
Mis cursos | UNPilar | Campus Virtual / LATENCIA: 1677ms / PESO: 
35.12KB/n[2026-06-28 14:59:33] OBJETIVO: https://unpilar.edu.ar/campus/my/courses.php | TITULO: Mis cursos | UNPilar | Campus Virtual
[2026-06-28 15:02:53] OBJETIVO: https://unpilar.edu.ar/campus/my/courses.php | TITULO: Mis cursos | UNPilar | Campus Virtual
[2026-06-28 15:04:25] OBJETIVO: http://127.0.0.1:5500/public/ | TITULO: CTU | Target Analyzer
[2026-06-28 15:11:02] OBJETIVO: https://www.youtube.com/ | TITULO: YouTube
[2026-06-28 15:15:38] OBJETIVO: https://www.youtube.com/ | TITULO: YouTube
[2026-06-28 15:18:10] OBJETIVO: https://www.youtube.com/ | TITULO: YouTube
[2026-06-28 15:32:53] OBJETIVO: https://www.youtube.com/ | TITULO: YouTube
[2026-06-28 15:34:14] OBJETIVO: https://www.youtube.com/ | TITULO: YouTube
[2026-06-28 15:35:27] OBJETIVO: https://www.youtube.com/ | TITULO: YouTube
[2026-06-28 15:37:01] OBJETIVO: https://www.youtube.com/ | TITULO: YouTube
[2026-06-28 15:37:38] OBJETIVO: https://www.youtube.com/ | TITULO: YouTube
[2026-06-28 15:38:05] OBJETIVO: https://www.youtube.com/ | TITULO: YouTube
[2026-06-28 15:43:30] OBJETIVO: https://www.youtube.com/ | TITULO: YouTube
[2026-06-28 15:44:31] OBJETIVO: https://www.youtube.com/ | TITULO: YouTube
[2026-06-28 15:49:20] OBJETIVO: http://localhost:8080 | TITULO: Files within target_analyzer\
[2026-06-28 15:53:35] OBJETIVO: https://www.youtube.com/ | TITULO: YouTube
[2026-06-28 20:31:10] OBJETIVO: https://www.youtube.com/ | TITULO: YouTube
